#
# There is insufficient memory for the Java Runtime Environment to continue.
# Native memory allocation (malloc) failed to allocate 1792 bytes for AllocateHeap
# Possible reasons:
#   The system is out of physical RAM or swap space
#   The process is running with CompressedOops enabled, and the Java Heap may be blocking the growth of the native heap
# Possible solutions:
#   Reduce memory load on the system
#   Increase physical memory or swap space
#   Check if swap backing store is full
#   Decrease Java heap size (-Xmx/-Xms)
#   Decrease number of Java threads
#   Decrease Java thread stack sizes (-Xss)
#   Set larger code cache with -XX:ReservedCodeCacheSize=
#   JVM is running with Unscaled Compressed Oops mode in which the Java heap is
#     placed in the first 4GB address space. The Java Heap base address is the
#     maximum limit for the native heap growth. Please use -XX:HeapBaseMinAddress
#     to set the Java Heap base and to place the Java Heap above 4GB virtual address.
# This output file may be truncated or incomplete.
#
#  Out of Memory Error (memory/allocation.inline.hpp:61), pid=10672, tid=0x0000000000000f30
#
# JRE version: Java(TM) SE Runtime Environment (8.0_311-b11) (build 1.8.0_311-b11)
# Java VM: Java HotSpot(TM) 64-Bit Server VM (25.311-b11 mixed mode windows-amd64 compressed oops)
# Failed to write core dump. Minidumps are not enabled by default on client versions of Windows
#

---------------  T H R E A D  ---------------

Current thread (0x00000240c6954800):  GCTaskThread [stack: 0x000000a77f100000,0x000000a77f200000] [id=3888]

Stack: [0x000000a77f100000,0x000000a77f200000]
Native frames: (J=compiled Java code, j=interpreted, Vv=VM code, C=native code)
V  [jvm.dll+0x32f239]
V  [jvm.dll+0x275882]
V  [jvm.dll+0x27652d]
V  [jvm.dll+0x26cf65]
V  [jvm.dll+0x509d]
V  [jvm.dll+0xcd102]
V  [jvm.dll+0x11293c]
V  [jvm.dll+0x135cb0]
V  [jvm.dll+0x205e79]
V  [jvm.dll+0x20578b]
V  [jvm.dll+0x23c2cf]
V  [jvm.dll+0x3d6f8a]
V  [jvm.dll+0x3c56d9]
V  [jvm.dll+0x29253c]
C  [ucrtbase.dll+0x26c0c]
C  [KERNEL32.DLL+0x154e0]
C  [ntdll.dll+0x485b]

JavaThread 0x00000240c693d800 (nid = 5700) was being processed
Java frames: (J=compiled Java code, j=interpreted, Vv=VM code)
j  sun.security.provider.PolicyParser.parsePermissionEntry()Lsun/security/provider/PolicyParser$PermissionEntry;+0
j  sun.security.provider.PolicyParser.parseGrantEntry()Lsun/security/provider/PolicyParser$GrantEntry;+574
j  sun.security.provider.PolicyParser.read(Ljava/io/Reader;)V+215
j  sun.security.provider.PolicyFile.init(Ljava/net/URL;Lsun/security/provider/PolicyFile$PolicyInfo;)Z+60
j  sun.security.provider.PolicyFile.access$400(Lsun/security/provider/PolicyFile;Ljava/net/URL;Lsun/security/provider/PolicyFile$PolicyInfo;)Z+3
j  sun.security.provider.PolicyFile$3.run()Ljava/lang/Boolean;+352
j  sun.security.provider.PolicyFile$3.run()Ljava/lang/Object;+1
v  ~StubRoutines::call_stub
J 496  java.security.AccessController.doPrivileged(Ljava/security/PrivilegedAction;)Ljava/lang/Object; (0 bytes) @ 0x00000240c85ee312 [0x00000240c85ee2c0+0x52]
j  sun.security.provider.PolicyFile.initPolicyFile(Ljava/lang/String;Ljava/lang/String;Lsun/security/provider/PolicyFile$PolicyInfo;)Z+11
j  sun.security.provider.PolicyFile.initPolicyFile(Lsun/security/provider/PolicyFile$PolicyInfo;Ljava/net/URL;)V+58
j  sun.security.provider.PolicyFile.init(Ljava/net/URL;)V+50
j  sun.security.provider.PolicyFile.<init>()V+34
v  ~StubRoutines::call_stub
j  sun.reflect.NativeConstructorAccessorImpl.newInstance0(Ljava/lang/reflect/Constructor;[Ljava/lang/Object;)Ljava/lang/Object;+0
j  sun.reflect.NativeConstructorAccessorImpl.newInstance([Ljava/lang/Object;)Ljava/lang/Object;+85
j  sun.reflect.DelegatingConstructorAccessorImpl.newInstance([Ljava/lang/Object;)Ljava/lang/Object;+5
j  java.lang.reflect.Constructor.newInstance([Ljava/lang/Object;)Ljava/lang/Object;+79
j  java.lang.Class.newInstance()Ljava/lang/Object;+138
j  java.security.Policy.getPolicyNoCheck()Ljava/security/Policy;+75
j  java.security.ProtectionDomain.implies(Ljava/security/Permission;)Z+16
j  java.security.AccessControlContext.checkPermission(Ljava/security/Permission;)V+323
j  java.security.AccessController.checkPermission(Ljava/security/Permission;)V+161
j  ch.qos.logback.core.util.Loader$1.run()Ljava/lang/Boolean;+9
j  ch.qos.logback.core.util.Loader$1.run()Ljava/lang/Object;+1
v  ~StubRoutines::call_stub
J 496  java.security.AccessController.doPrivileged(Ljava/security/PrivilegedAction;)Ljava/lang/Object; (0 bytes) @ 0x00000240c85ee312 [0x00000240c85ee2c0+0x52]
j  ch.qos.logback.core.util.Loader.<clinit>()V+34
v  ~StubRoutines::call_stub
j  ch.qos.logback.classic.util.ContextInitializer.findURLOfDefaultConfigurationFile(Z)Ljava/net/URL;+1
j  ch.qos.logback.classic.util.ContextInitializer.autoConfig()V+9
j  org.slf4j.impl.StaticLoggerBinder.init()V+11
j  org.slf4j.impl.StaticLoggerBinder.<clinit>()V+28
v  ~StubRoutines::call_stub
j  org.slf4j.LoggerFactory.bind()V+16
j  org.slf4j.LoggerFactory.performInitialization()V+0
j  org.slf4j.LoggerFactory.getILoggerFactory()Lorg/slf4j/ILoggerFactory;+22
j  org.slf4j.LoggerFactory.getLogger(Ljava/lang/String;)Lorg/slf4j/Logger;+0
j  org.apache.commons.logging.LogAdapter$Slf4jAdapter.createLocationAwareLog(Ljava/lang/String;)Lorg/apache/commons/logging/Log;+1
j  org.apache.commons.logging.LogAdapter.createLog(Ljava/lang/String;)Lorg/apache/commons/logging/Log;+42
j  org.apache.commons.logging.LogFactory.getLog(Ljava/lang/String;)Lorg/apache/commons/logging/Log;+1
j  org.apache.commons.logging.LogFactory.getLog(Ljava/lang/Class;)Lorg/apache/commons/logging/Log;+4
j  org.springframework.boot.SpringApplication.<clinit>()V+2
v  ~StubRoutines::call_stub
j  com.lagou.AutodeliverApplication8072.main([Ljava/lang/String;)V+3
v  ~StubRoutines::call_stub

---------------  P R O C E S S  ---------------

Java Threads: ( => current thread )
  0x00000240df387000 JavaThread "RMI TCP Accept-0" daemon [_thread_in_native, id=4440, stack(0x000000a700400000,0x000000a700500000)]
  0x00000240df0ba800 JavaThread "Service Thread" daemon [_thread_blocked, id=9340, stack(0x000000a700300000,0x000000a700400000)]
  0x00000240df092000 JavaThread "C1 CompilerThread3" daemon [_thread_blocked, id=180, stack(0x000000a700200000,0x000000a700300000)]
  0x00000240df090800 JavaThread "C2 CompilerThread2" daemon [_thread_blocked, id=25384, stack(0x000000a700100000,0x000000a700200000)]
  0x00000240df089000 JavaThread "C2 CompilerThread1" daemon [_thread_blocked, id=18612, stack(0x000000a700000000,0x000000a700100000)]
  0x00000240df088000 JavaThread "C2 CompilerThread0" daemon [_thread_blocked, id=15516, stack(0x000000a77ff00000,0x000000a780000000)]
  0x00000240df080800 JavaThread "Monitor Ctrl-Break" daemon [_thread_in_native, id=2972, stack(0x000000a77fe00000,0x000000a77ff00000)]
  0x00000240dce2c000 JavaThread "Attach Listener" daemon [_thread_blocked, id=10660, stack(0x000000a77fd00000,0x000000a77fe00000)]
  0x00000240de9e8800 JavaThread "Signal Dispatcher" daemon [_thread_blocked, id=17268, stack(0x000000a77fc00000,0x000000a77fd00000)]
  0x00000240dcdb1800 JavaThread "Finalizer" daemon [_thread_blocked, id=2600, stack(0x000000a77fb00000,0x000000a77fc00000)]
  0x00000240dcdaa000 JavaThread "Reference Handler" daemon [_thread_blocked, id=26728, stack(0x000000a77fa00000,0x000000a77fb00000)]
  0x00000240c693d800 JavaThread "main" [_thread_blocked, id=5700, stack(0x000000a77f000000,0x000000a77f100000)]

Other Threads:
  0x00000240dcd80000 VMThread [stack: 0x000000a77f900000,0x000000a77fa00000] [id=28612]
  0x00000240df39b800 WatcherThread [stack: 0x000000a700500000,0x000000a700600000] [id=2676]

=>0x00000240c6954800 (exited) GCTaskThread [stack: 0x000000a77f100000,0x000000a77f200000] [id=3888]

VM state:at safepoint (normal execution)

VM Mutex/Monitor currently owned by a thread:  ([mutex/lock_event])
[0x00000240c691b030] OopMapCacheAlloc_lock - owner thread: 0x00000240c6954800
[0x00000240c69274c0] Threads_lock - owner thread: 0x00000240dcd80000
[0x00000240c6927e40] Heap_lock - owner thread: 0x00000240c693d800

heap address: 0x0000000082600000, size: 2010 MB, Compressed Oops mode: 32-bit
Narrow klass base: 0x0000000000000000, Narrow klass shift: 3
Compressed class space size: 1073741824 Address: 0x0000000100000000

Heap:
 PSYoungGen      total 37888K, used 18767K [0x00000000d6200000, 0x00000000d8c00000, 0x0000000100000000)
  eden space 32768K, 57% used [0x00000000d6200000,0x00000000d7453e40,0x00000000d8200000)
  from space 5120K, 0% used [0x00000000d8700000,0x00000000d8700000,0x00000000d8c00000)
  to   space 5120K, 43% used [0x00000000d8200000,0x00000000d842d110,0x00000000d8700000)
 ParOldGen       total 86016K, used 8K [0x0000000082600000, 0x0000000087a00000, 0x00000000d6200000)
  object space 86016K, 0% used [0x0000000082600000,0x0000000082602000,0x0000000087a00000)
 Metaspace       used 8011K, capacity 8132K, committed 8320K, reserved 1060864K
  class space    used 955K, capacity 1026K, committed 1152K, reserved 1048576K

Card table byte_map: [0x00000240d77f0000,0x00000240d7be0000] byte_map_base: 0x00000240d73dd000

Marking Bits: (ParMarkBitMap*) 0x0000000053008030
 Begin Bits: [0x00000240d7e80000, 0x00000240d9de8000)
 End Bits:   [0x00000240d9de8000, 0x00000240dbd50000)

Polling page: 0x00000240c6b90000

CodeCache: size=245760Kb used=1954Kb max_used=1954Kb free=243805Kb
 bounds [0x00000240c8430000, 0x00000240c86a0000, 0x00000240d7430000]
 total_blobs=922 nmethods=581 adapters=254
 compilation: enabled

Compilation events (10 events):
Event: 1.644 Thread 0x00000240df092000  577   !   1       java.util.zip.InflaterInputStream::read (138 bytes)
Event: 1.644 Thread 0x00000240df092000 nmethod 577 0x00000240c8613a50 code [0x00000240c8613c60, 0x00000240c8614670]
Event: 1.644 Thread 0x00000240df092000  578       1       java.util.zip.InflaterInputStream::ensureOpen (18 bytes)
Event: 1.644 Thread 0x00000240df092000 nmethod 578 0x00000240c8614dd0 code [0x00000240c8614f40, 0x00000240c8615110]
Event: 1.646 Thread 0x00000240df092000  580   !   1       java.net.URL::<init> (543 bytes)
Event: 1.648 Thread 0x00000240df092000 nmethod 580 0x00000240c8615410 code [0x00000240c8615760, 0x00000240c8616800]
Event: 1.648 Thread 0x00000240df092000  579       1       java.net.URL::<init> (8 bytes)
Event: 1.648 Thread 0x00000240df092000 nmethod 579 0x00000240c8618210 code [0x00000240c8618360, 0x00000240c8618490]
Event: 1.651 Thread 0x00000240df092000  581       1       java.io.BufferedReader::ensureOpen (18 bytes)
Event: 1.651 Thread 0x00000240df092000 nmethod 581 0x00000240c8618510 code [0x00000240c8618680, 0x00000240c8618850]

GC Heap History (1 events):
Event: 1.652 GC heap before
{Heap before GC invocations=1 (full 0):
 PSYoungGen      total 37888K, used 18767K [0x00000000d6200000, 0x00000000d8c00000, 0x0000000100000000)
  eden space 32768K, 57% used [0x00000000d6200000,0x00000000d7453e40,0x00000000d8200000)
  from space 5120K, 0% used [0x00000000d8700000,0x00000000d8700000,0x00000000d8c00000)
  to   space 5120K, 0% used [0x00000000d8200000,0x00000000d8200000,0x00000000d8700000)
 ParOldGen       total 86016K, used 0K [0x0000000082600000, 0x0000000087a00000, 0x00000000d6200000)
  object space 86016K, 0% used [0x0000000082600000,0x0000000082600000,0x0000000087a00000)
 Metaspace       used 8011K, capacity 8132K, committed 8320K, reserved 1060864K
  class space    used 955K, capacity 1026K, committed 1152K, reserved 1048576K

Deoptimization events (0 events):
No events

Classes redefined (0 events):
No events

Internal exceptions (10 events):
Event: 1.079 Thread 0x00000240c693d800 Exception <a 'java/security/PrivilegedActionException'> (0x00000000d66c2c18) thrown at [C:\jenkins\workspace\8-2-build-windows-amd64-cygwin\jdk8u311\1894\hotspot\src\share\vm\prims\jvm.cpp, line 1523]
Event: 1.079 Thread 0x00000240c693d800 Exception <a 'java/security/PrivilegedActionException'> (0x00000000d66c3ff0) thrown at [C:\jenkins\workspace\8-2-build-windows-amd64-cygwin\jdk8u311\1894\hotspot\src\share\vm\prims\jvm.cpp, line 1523]
Event: 1.079 Thread 0x00000240c693d800 Exception <a 'java/security/PrivilegedActionException'> (0x00000000d66c4200) thrown at [C:\jenkins\workspace\8-2-build-windows-amd64-cygwin\jdk8u311\1894\hotspot\src\share\vm\prims\jvm.cpp, line 1523]
Event: 1.163 Thread 0x00000240c693d800 Exception <a 'java/security/PrivilegedActionException'> (0x00000000d6ad8590) thrown at [C:\jenkins\workspace\8-2-build-windows-amd64-cygwin\jdk8u311\1894\hotspot\src\share\vm\prims\jvm.cpp, line 1523]
Event: 1.163 Thread 0x00000240c693d800 Exception <a 'java/security/PrivilegedActionException'> (0x00000000d6ad87a0) thrown at [C:\jenkins\workspace\8-2-build-windows-amd64-cygwin\jdk8u311\1894\hotspot\src\share\vm\prims\jvm.cpp, line 1523]
Event: 1.163 Thread 0x00000240c693d800 Exception <a 'java/security/PrivilegedActionException'> (0x00000000d6adac90) thrown at [C:\jenkins\workspace\8-2-build-windows-amd64-cygwin\jdk8u311\1894\hotspot\src\share\vm\prims\jvm.cpp, line 1523]
Event: 1.163 Thread 0x00000240c693d800 Exception <a 'java/security/PrivilegedActionException'> (0x00000000d6adaea0) thrown at [C:\jenkins\workspace\8-2-build-windows-amd64-cygwin\jdk8u311\1894\hotspot\src\share\vm\prims\jvm.cpp, line 1523]
Event: 1.462 Thread 0x00000240c693d800 Exception <a 'java/lang/ClassNotFoundException': javax/management/remote/rmi/RMIJRMPServerImpl$ExportedWrapper_Stub> (0x00000000d6cc2c98) thrown at [C:\jenkins\workspace\8-2-build-windows-amd64-cygwin\jdk8u311\1894\hotspot\src\share\vm\classfile\systemDic
Event: 1.490 Thread 0x00000240c693d800 Exception <a 'java/lang/NoSuchFieldError': method resolution failed> (0x00000000d6e10830) thrown at [C:\jenkins\workspace\8-2-build-windows-amd64-cygwin\jdk8u311\1894\hotspot\src\share\vm\prims\methodHandles.cpp, line 1169]
Event: 1.491 Thread 0x00000240c693d800 Exception <a 'java/lang/NoSuchFieldError': method resolution failed> (0x00000000d6e1eaa8) thrown at [C:\jenkins\workspace\8-2-build-windows-amd64-cygwin\jdk8u311\1894\hotspot\src\share\vm\prims\methodHandles.cpp, line 1169]

Events (10 events):
Event: 1.650 loading class sun/security/provider/PolicyParser
Event: 1.651 loading class sun/security/provider/PolicyParser done
Event: 1.651 loading class sun/security/util/PolicyUtil
Event: 1.651 loading class sun/security/util/PolicyUtil done
Event: 1.651 loading class java/io/StreamTokenizer
Event: 1.651 loading class java/io/StreamTokenizer done
Event: 1.651 loading class sun/security/provider/PolicyParser$GrantEntry
Event: 1.651 loading class sun/security/provider/PolicyParser$GrantEntry done
Event: 1.651 loading class sun/security/provider/PolicyParser$PermissionEntry
Event: 1.652 Executing VM operation: CollectForMetadataAllocation


Dynamic libraries:
0x00007ff6ab000000 - 0x00007ff6ab047000 	D:\software\jdk\bin\java.exe
0x00007ff81bc40000 - 0x00007ff81be49000 	C:\WINDOWS\SYSTEM32\ntdll.dll
0x00007ff81a7b0000 - 0x00007ff81a86d000 	C:\WINDOWS\System32\KERNEL32.DLL
0x00007ff819410000 - 0x00007ff81978b000 	C:\WINDOWS\System32\KERNELBASE.dll
0x00007ff81a500000 - 0x00007ff81a5ae000 	C:\WINDOWS\System32\ADVAPI32.dll
0x00007ff81bad0000 - 0x00007ff81bb73000 	C:\WINDOWS\System32\msvcrt.dll
0x00007ff81afc0000 - 0x00007ff81b05e000 	C:\WINDOWS\System32\sechost.dll
0x00007ff81b150000 - 0x00007ff81b270000 	C:\WINDOWS\System32\RPCRT4.dll
0x00007ff81b920000 - 0x00007ff81bacd000 	C:\WINDOWS\System32\USER32.dll
0x00007ff819790000 - 0x00007ff8197b6000 	C:\WINDOWS\System32\win32u.dll
0x00007ff81a370000 - 0x00007ff81a399000 	C:\WINDOWS\System32\GDI32.dll
0x00007ff8192f0000 - 0x00007ff819408000 	C:\WINDOWS\System32\gdi32full.dll
0x00007ff8199a0000 - 0x00007ff819a3d000 	C:\WINDOWS\System32\msvcp_win.dll
0x00007ff8197c0000 - 0x00007ff8198d1000 	C:\WINDOWS\System32\ucrtbase.dll
0x00007ffff5d00000 - 0x00007ffff5fa5000 	C:\WINDOWS\WinSxS\amd64_microsoft.windows.common-controls_6595b64144ccf1df_6.0.22000.120_none_9d947278b86cc467\COMCTL32.dll
0x00007ff81a700000 - 0x00007ff81a731000 	C:\WINDOWS\System32\IMM32.DLL
0x00007ff8109b0000 - 0x00007ff8109c5000 	D:\software\jdk\jre\bin\vcruntime140.dll
0x00007ff800570000 - 0x00007ff80060b000 	D:\software\jdk\jre\bin\msvcp140.dll
0x0000000052820000 - 0x0000000053080000 	D:\software\jdk\jre\bin\server\jvm.dll
0x00007ff81bbf0000 - 0x00007ff81bbf8000 	C:\WINDOWS\System32\PSAPI.DLL
0x00007ff803a30000 - 0x00007ff803a39000 	C:\WINDOWS\SYSTEM32\WSOCK32.dll
0x00007ff80ff10000 - 0x00007ff80ff1a000 	C:\WINDOWS\SYSTEM32\VERSION.dll
0x00007ff81a740000 - 0x00007ff81a7af000 	C:\WINDOWS\System32\WS2_32.dll
0x00007ff811f00000 - 0x00007ff811f33000 	C:\WINDOWS\SYSTEM32\WINMM.dll
0x00007ff818280000 - 0x00007ff818298000 	C:\WINDOWS\SYSTEM32\kernel.appcore.dll
0x00007ff812790000 - 0x00007ff8127a0000 	D:\software\jdk\jre\bin\verify.dll
0x00007fffff480000 - 0x00007fffff4ab000 	D:\software\jdk\jre\bin\java.dll
0x00007fffff2c0000 - 0x00007fffff2f0000 	D:\software\jdk\jre\bin\instrument.dll
0x00007ff804450000 - 0x00007ff804468000 	D:\software\jdk\jre\bin\zip.dll
0x00007ff819bb0000 - 0x00007ff81a368000 	C:\WINDOWS\System32\SHELL32.dll
0x00007ff817200000 - 0x00007ff817a65000 	C:\WINDOWS\SYSTEM32\windows.storage.dll
0x00007ff81a870000 - 0x00007ff81abe7000 	C:\WINDOWS\System32\combase.dll
0x00007ff817090000 - 0x00007ff8171f6000 	C:\WINDOWS\SYSTEM32\wintypes.dll
0x00007ff819ac0000 - 0x00007ff819baa000 	C:\WINDOWS\System32\SHCORE.dll
0x00007ff81b450000 - 0x00007ff81b4ad000 	C:\WINDOWS\System32\shlwapi.dll
0x00007ff819040000 - 0x00007ff819061000 	C:\WINDOWS\SYSTEM32\profapi.dll
0x00007ff810990000 - 0x00007ff8109aa000 	D:\software\idea\IntelliJ IDEA 2020.3.4\bin\breakgen64.dll
0x00007ff802d60000 - 0x00007ff802d7c000 	D:\software\jdk\jre\bin\net.dll
0x00007ff818720000 - 0x00007ff818787000 	C:\WINDOWS\system32\mswsock.dll
0x00007ff817dd0000 - 0x00007ff817eb8000 	C:\WINDOWS\SYSTEM32\DNSAPI.dll
0x00007ff817d40000 - 0x00007ff817d6d000 	C:\WINDOWS\SYSTEM32\IPHLPAPI.DLL
0x00007ff81bb80000 - 0x00007ff81bb89000 	C:\WINDOWS\System32\NSI.dll
0x00007ff80c200000 - 0x00007ff80c20a000 	C:\Windows\System32\rasadhlp.dll
0x00007ff80ed80000 - 0x00007ff80ee01000 	C:\WINDOWS\System32\fwpuclnt.dll
0x00007ffffee00000 - 0x00007ffffee0d000 	D:\software\jdk\jre\bin\management.dll
0x00007ff802700000 - 0x00007ff802713000 	D:\software\jdk\jre\bin\nio.dll
0x00007ff818970000 - 0x00007ff818988000 	C:\WINDOWS\SYSTEM32\CRYPTSP.dll
0x00007ff8181e0000 - 0x00007ff818215000 	C:\WINDOWS\system32\rsaenh.dll
0x00007ff818810000 - 0x00007ff818839000 	C:\WINDOWS\SYSTEM32\USERENV.dll
0x00007ff818af0000 - 0x00007ff818b17000 	C:\WINDOWS\SYSTEM32\bcrypt.dll
0x00007ff819a40000 - 0x00007ff819abf000 	C:\WINDOWS\System32\bcryptprimitives.dll
0x00007ff818960000 - 0x00007ff81896c000 	C:\WINDOWS\SYSTEM32\CRYPTBASE.dll
0x00007ff80faa0000 - 0x00007ff80fab9000 	C:\WINDOWS\SYSTEM32\dhcpcsvc6.DLL
0x00007ff80fff0000 - 0x00007ff81000e000 	C:\WINDOWS\SYSTEM32\dhcpcsvc.DLL
0x00007ff804420000 - 0x00007ff804437000 	C:\WINDOWS\system32\napinsp.dll
0x00007ff801a70000 - 0x00007ff801a8b000 	C:\WINDOWS\system32\pnrpnsp.dll
0x00007ff801a50000 - 0x00007ff801a62000 	C:\WINDOWS\System32\winrnr.dll
0x00007ff801a30000 - 0x00007ff801a45000 	C:\WINDOWS\system32\wshbth.dll
0x00007ff800da0000 - 0x00007ff800dbf000 	C:\WINDOWS\system32\nlansp_c.dll
0x00007ff816cf0000 - 0x00007ff816f11000 	C:\WINDOWS\SYSTEM32\dbghelp.dll

VM Arguments:
jvm_args: -XX:TieredStopAtLevel=1 -Xverify:none -Dspring.output.ansi.enabled=always -javaagent:D:\software\idea\IntelliJ IDEA 2020.3.4\lib\idea_rt.jar=65532:D:\software\idea\IntelliJ IDEA 2020.3.4\bin -Dcom.sun.management.jmxremote -Dspring.jmx.enabled=true -Dspring.liveBeansView.mbeanDomain -Dspring.application.admin.enabled=true -Dfile.encoding=UTF-8 
java_command: com.lagou.AutodeliverApplication8072
java_class_path (initial): D:\software\jdk\jre\lib\charsets.jar;D:\software\jdk\jre\lib\deploy.jar;D:\software\jdk\jre\lib\ext\access-bridge-64.jar;D:\software\jdk\jre\lib\ext\cldrdata.jar;D:\software\jdk\jre\lib\ext\dnsns.jar;D:\software\jdk\jre\lib\ext\jaccess.jar;D:\software\jdk\jre\lib\ext\jfxrt.jar;D:\software\jdk\jre\lib\ext\localedata.jar;D:\software\jdk\jre\lib\ext\nashorn.jar;D:\software\jdk\jre\lib\ext\sunec.jar;D:\software\jdk\jre\lib\ext\sunjce_provider.jar;D:\software\jdk\jre\lib\ext\sunmscapi.jar;D:\software\jdk\jre\lib\ext\sunpkcs11.jar;D:\software\jdk\jre\lib\ext\zipfs.jar;D:\software\jdk\jre\lib\javaws.jar;D:\software\jdk\jre\lib\jce.jar;D:\software\jdk\jre\lib\jfr.jar;D:\software\jdk\jre\lib\jfxswt.jar;D:\software\jdk\jre\lib\jsse.jar;D:\software\jdk\jre\lib\management-agent.jar;D:\software\jdk\jre\lib\plugin.jar;D:\software\jdk\jre\lib\resources.jar;D:\software\jdk\jre\lib\rt.jar;E:\lagou\阶段二\springcloud1\cloud-parent\cloud-service-autodeliver8072\target\classes;E:\lagou\阶段二\springcloud1\cloud-parent\cloud-service-common\target\classes;E:\Maven\repository\com\baomidou\mybatis-plus-boot-starter\3.1.1\mybatis-plus-boot-starter-3.1.1.jar;E:\Maven\repository\com\baomidou\mybatis-plus\3.1.1\mybatis-plus-3.1.1.jar;E:\Maven\repository\com\baomidou\mybatis-plus-extension\3.1.1\mybatis-plus-extension-3.1.1.jar;E:\Maven\repository\com\baomidou\mybatis-plus-core\3.1.1\mybatis-plus-core-3.1.1.jar;E:\Maven\repository\com\baomidou\mybatis-plus-annotation\3.1.1\mybatis-plus-annotation-3.1.1.jar;E:\Maven\repository\com\github\jsqlparser\jsqlparser\1.2\jsqlparser-1.2.jar;E:\Maven\repository\org\mybatis\mybatis\3.5.1\mybatis-3.5.1.jar;E:\Maven\repository\org\mybatis\mybatis-spring\2.0.1\mybatis-spring-2.0.1.jar;E:\Maven\repository\org\springframework\boot\spring-boot-starter-jdbc\2.1.6.RELEASE\spring-boot-starter-jdbc-2.1.6.RELEASE.jar;E:\Maven\repository\com\zaxxer\HikariCP\3.2.0\HikariCP-3.2.0.jar;E:\Maven\repository\org\springframework\spring-jdbc\5.1.8.
Launcher Type: SUN_STANDARD

Environment Variables:
JAVA_HOME=D:\software\jdk
PATH=D:\software\VMware\bin\;C:\Program Files (x86)\Common Files\Oracle\Java\javapath;C:\WINDOWS\system32;C:\WINDOWS;C:\WINDOWS\System32\Wbem;C:\WINDOWS\System32\WindowsPowerShell\v1.0\;C:\WINDOWS\System32\OpenSSH\;D:\software\jdk\bin;C:\Program Files\TortoiseSVN\bin;D:\software\vscode\Microsoft VS Code\bin;D:\software\nodejs\;D:\software\maven\bin;D:\software\gradle\gradle-6.0.1\bin;D:\software\tomcat\apache-tomcat-8.5.81\lib;D:\software\tomcat\apache-tomcat-8.5.81\bin;D:\software\tomcat\apache-tomcat-8.5.81\lib\servlet-api.jar;D:\software\gitter\Git\cmd;C:\Program Files\TortoiseGit\bin;D:\software\ant\apache-ant-1.10.12\bin;C:\Users\j'sh'x\AppData\Local\Microsoft\WindowsApps;C:\Users\j'sh'x\AppData\Roaming\npm;;D:\software\webstorm\WebStorm 2022.1\bin;
USERNAME=j'sh'x
OS=Windows_NT
PROCESSOR_IDENTIFIER=Intel64 Family 6 Model 142 Stepping 12, GenuineIntel



---------------  S Y S T E M  ---------------

OS: Windows 10.0 , 64 bit Build 22000 (10.0.22000.708)

CPU:total 8 (initial active 8) (4 cores per cpu, 2 threads per core) family 6 model 142 stepping 12, cmov, cx8, fxsr, mmx, sse, sse2, sse3, ssse3, sse4.1, sse4.2, popcnt, avx, avx2, aes, clmul, erms, 3dnowpref, lzcnt, ht, tsc, tscinvbit, bmi1, bmi2, adx

Memory: 4k page, physical 8232924k(476972k free), swap 23730480k(20876k free)

vm_info: Java HotSpot(TM) 64-Bit Server VM (25.311-b11) for windows-amd64 JRE (1.8.0_311-b11), built on Sep 27 2021 05:15:14 by "java_re" with MS VC++ 15.9 (VS2017)

time: Mon Nov 14 19:15:37 2022
timezone: 中国标准时间
elapsed time: 1.839268 seconds (0d 0h 0m 1s)

